<?xml version="1.0" encoding="UTF-8"?>
<!-- Generated by org.testng.reporters.JUnitReportReporter -->
<testsuite hostname="LAPTOP-5E3MODR9" name="com.jbk.ExcelwithDataproviderTest" tests="7" failures="0" timestamp="30 Dec 2019 08:03:03 GMT" time="0.416" errors="0">
  <testcase name="loginpage" time="0.021" classname="com.jbk.ExcelwithDataproviderTest"/>
  <testcase name="loginpage" time="0.018" classname="com.jbk.ExcelwithDataproviderTest"/>
  <testcase name="loginpage" time="0.019" classname="com.jbk.ExcelwithDataproviderTest"/>
  <testcase name="loginpage" time="0.019" classname="com.jbk.ExcelwithDataproviderTest"/>
  <testcase name="loginpage" time="0.022" classname="com.jbk.ExcelwithDataproviderTest"/>
  <testcase name="loginpage" time="0.019" classname="com.jbk.ExcelwithDataproviderTest"/>
  <testcase name="loginpage" time="0.298" classname="com.jbk.ExcelwithDataproviderTest"/>
</testsuite> <!-- com.jbk.ExcelwithDataproviderTest -->
