<?xml version="1.0" encoding="UTF-8"?>
<!-- Generated by org.testng.reporters.JUnitReportReporter -->
<testsuite hostname="LAPTOP-5E3MODR9" name="com.jbk.NewTest1" tests="2" failures="0" timestamp="30 Dec 2019 08:03:03 GMT" time="0.000" errors="0">
  <testcase name="f" time="0.000" classname="com.jbk.NewTest1"/>
  <testcase name="f" time="0.000" classname="com.jbk.NewTest1"/>
</testsuite> <!-- com.jbk.NewTest1 -->
